<?xml version="1.0" encoding="UTF-8"?>
<!-- Generated by org.testng.reporters.JUnitReportReporter -->
<testsuite hostname="DESKTOP-A14BG4D" failures="0" tests="1" name="TestRunner.CucumberTestRunner" time="4.537" errors="0" timestamp="2023-12-28T15:47:43 GMT" skipped="0">
  <testcase classname="TestRunner.CucumberTestRunner" name="runScenario" time="4.537"/>
  <system-out/>
</testsuite> <!-- TestRunner.CucumberTestRunner -->
